2017-12-14 10:20:19,060 [INFO] from application in play-dev-mode-akka.actor.default-dispatcher-3 - Creating Pool for datasource 'default'
2017-12-14 10:20:19,320 [INFO] from play.api.db.DefaultDBApi in play-dev-mode-akka.actor.default-dispatcher-3 - Database [default] connected at jdbc:h2:file:./data/productsDB
2017-12-14 10:20:20,300 [WARN] from org.hibernate.validator.messageinterpolation.ParameterMessageInterpolator in play-dev-mode-akka.actor.default-dispatcher-3 - HV000184: ParameterMessageInterpolator has been chosen, EL interpolation will not be supported
2017-12-14 10:20:20,489 [INFO] from play.api.http.EnabledFilters in play-dev-mode-akka.actor.default-dispatcher-3 - Enabled Filters (see <https://www.playframework.com/documentation/latest/Filters>):

    play.filters.csrf.CSRFFilter
    play.filters.headers.SecurityHeadersFilter
    play.filters.hosts.AllowedHostsFilter

2017-12-14 10:20:20,504 [INFO] from play.api.Play in play-dev-mode-akka.actor.default-dispatcher-3 - Application started (Dev)
2017-12-14 10:21:15,167 [ERROR] from application in play-dev-mode-akka.actor.default-dispatcher-7 - 

! @76aeo5e8m - Internal server error, for (GET) [/] ->
 
play.sbt.PlayExceptions$CompilationException: Compilation error[value addCustomer is not a member of controllers.HomeController]
	at play.sbt.PlayExceptions$CompilationException$.apply(PlayExceptions.scala:34)
	at play.sbt.PlayExceptions$CompilationException$.apply(PlayExceptions.scala:34)
	at scala.Option.map(Option.scala:146)
	at play.sbt.run.PlayReload$.$anonfun$taskFailureHandler$1(PlayReload.scala:33)
	at scala.Option.map(Option.scala:146)
	at play.sbt.run.PlayReload$.taskFailureHandler(PlayReload.scala:28)
	at play.sbt.run.PlayReload$.compileFailure(PlayReload.scala:24)
	at play.sbt.run.PlayReload$.$anonfun$compile$3(PlayReload.scala:51)
	at scala.util.Either$LeftProjection.map(Either.scala:573)
	at play.sbt.run.PlayReload$.compile(PlayReload.scala:51)
	at play.sbt.run.PlayRun$.$anonfun$playRunTask$4(PlayRun.scala:75)
	at play.runsupport.Reloader.$anonfun$reload$1(Reloader.scala:413)
	at play.runsupport.Reloader$$anon$5.run(Reloader.scala:51)
	at java.security.AccessController.doPrivileged(Native Method)
	at play.runsupport.Reloader$.play$runsupport$Reloader$$withReloaderContextClassLoader(Reloader.scala:56)
	at play.runsupport.Reloader.reload(Reloader.scala:413)
	at play.core.server.DevServerStart$$anon$1.get(DevServerStart.scala:123)
	at play.core.server.Server.getHandlerFor(Server.scala:63)
	at play.core.server.Server.getHandlerFor$(Server.scala:48)
	at play.core.server.AkkaHttpServer.getHandlerFor(AkkaHttpServer.scala:41)
	at play.core.server.AkkaHttpServer.getHandler(AkkaHttpServer.scala:214)
	at play.core.server.AkkaHttpServer.handleRequest(AkkaHttpServer.scala:194)
	at play.core.server.AkkaHttpServer.$anonfun$createServerBinding$3(AkkaHttpServer.scala:106)
	at akka.stream.impl.fusing.MapAsync$$anon$23.onPush(Ops.scala:1172)
	at akka.stream.impl.fusing.GraphInterpreter.processPush(GraphInterpreter.scala:499)
	at akka.stream.impl.fusing.GraphInterpreter.processEvent(GraphInterpreter.scala:462)
	at akka.stream.impl.fusing.GraphInterpreter.execute(GraphInterpreter.scala:368)
	at akka.stream.impl.fusing.GraphInterpreterShell.runBatch(ActorGraphInterpreter.scala:571)
	at akka.stream.impl.fusing.GraphInterpreterShell$AsyncInput.execute(ActorGraphInterpreter.scala:457)
	at akka.stream.impl.fusing.GraphInterpreterShell.processEvent(ActorGraphInterpreter.scala:546)
	at akka.stream.impl.fusing.ActorGraphInterpreter.akka$stream$impl$fusing$ActorGraphInterpreter$$processEvent(ActorGraphInterpreter.scala:728)
	at akka.stream.impl.fusing.ActorGraphInterpreter$$anonfun$receive$1.applyOrElse(ActorGraphInterpreter.scala:743)
	at akka.actor.Actor.aroundReceive(Actor.scala:517)
	at akka.actor.Actor.aroundReceive$(Actor.scala:515)
	at akka.stream.impl.fusing.ActorGraphInterpreter.aroundReceive(ActorGraphInterpreter.scala:653)
	at akka.actor.ActorCell.receiveMessage(ActorCell.scala:527)
	at akka.actor.ActorCell.invoke(ActorCell.scala:496)
	at akka.dispatch.Mailbox.processMailbox(Mailbox.scala:257)
	at akka.dispatch.Mailbox.run(Mailbox.scala:224)
	at akka.dispatch.Mailbox.exec(Mailbox.scala:234)
	at akka.dispatch.forkjoin.ForkJoinTask.doExec(ForkJoinTask.java:260)
	at akka.dispatch.forkjoin.ForkJoinPool$WorkQueue.runTask(ForkJoinPool.java:1339)
	at akka.dispatch.forkjoin.ForkJoinPool.runWorker(ForkJoinPool.java:1979)
	at akka.dispatch.forkjoin.ForkJoinWorkerThread.run(ForkJoinWorkerThread.java:107)
2017-12-14 10:23:03,339 [INFO] from application in play-dev-mode-akka.actor.default-dispatcher-9 - Shutting down connection pool.
2017-12-14 10:23:03,598 [INFO] from application in play-dev-mode-akka.actor.default-dispatcher-9 - Creating Pool for datasource 'default'
2017-12-14 10:23:03,614 [INFO] from play.api.db.DefaultDBApi in play-dev-mode-akka.actor.default-dispatcher-9 - Database [default] connected at jdbc:h2:file:./data/productsDB
2017-12-14 10:23:03,753 [WARN] from org.hibernate.validator.messageinterpolation.ParameterMessageInterpolator in play-dev-mode-akka.actor.default-dispatcher-9 - HV000184: ParameterMessageInterpolator has been chosen, EL interpolation will not be supported
2017-12-14 10:23:03,873 [INFO] from play.api.http.EnabledFilters in play-dev-mode-akka.actor.default-dispatcher-9 - Enabled Filters (see <https://www.playframework.com/documentation/latest/Filters>):

    play.filters.csrf.CSRFFilter
    play.filters.headers.SecurityHeadersFilter
    play.filters.hosts.AllowedHostsFilter

2017-12-14 10:23:03,874 [INFO] from play.api.Play in play-dev-mode-akka.actor.default-dispatcher-9 - Application started (Dev)
2017-12-14 10:26:58,744 [INFO] from application in play-dev-mode-akka.actor.default-dispatcher-27 - Shutting down connection pool.
2017-12-14 10:26:58,908 [INFO] from application in play-dev-mode-akka.actor.default-dispatcher-27 - Creating Pool for datasource 'default'
2017-12-14 10:26:58,918 [INFO] from play.api.db.DefaultDBApi in play-dev-mode-akka.actor.default-dispatcher-27 - Database [default] connected at jdbc:h2:file:./data/productsDB
2017-12-14 10:26:59,016 [WARN] from org.hibernate.validator.messageinterpolation.ParameterMessageInterpolator in play-dev-mode-akka.actor.default-dispatcher-27 - HV000184: ParameterMessageInterpolator has been chosen, EL interpolation will not be supported
2017-12-14 10:26:59,090 [INFO] from play.api.http.EnabledFilters in play-dev-mode-akka.actor.default-dispatcher-27 - Enabled Filters (see <https://www.playframework.com/documentation/latest/Filters>):

    play.filters.csrf.CSRFFilter
    play.filters.headers.SecurityHeadersFilter
    play.filters.hosts.AllowedHostsFilter

2017-12-14 10:26:59,091 [INFO] from play.api.Play in play-dev-mode-akka.actor.default-dispatcher-27 - Application started (Dev)
2017-12-14 10:30:43,125 [INFO] from application in play-dev-mode-akka.actor.default-dispatcher-37 - Shutting down connection pool.
2017-12-14 10:30:43,299 [INFO] from application in play-dev-mode-akka.actor.default-dispatcher-37 - Creating Pool for datasource 'default'
2017-12-14 10:30:43,318 [INFO] from play.api.db.DefaultDBApi in play-dev-mode-akka.actor.default-dispatcher-37 - Database [default] connected at jdbc:h2:file:./data/productsDB
2017-12-14 10:30:43,385 [WARN] from org.hibernate.validator.messageinterpolation.ParameterMessageInterpolator in play-dev-mode-akka.actor.default-dispatcher-37 - HV000184: ParameterMessageInterpolator has been chosen, EL interpolation will not be supported
2017-12-14 10:30:43,451 [INFO] from play.api.http.EnabledFilters in play-dev-mode-akka.actor.default-dispatcher-37 - Enabled Filters (see <https://www.playframework.com/documentation/latest/Filters>):

    play.filters.csrf.CSRFFilter
    play.filters.headers.SecurityHeadersFilter
    play.filters.hosts.AllowedHostsFilter

2017-12-14 10:30:43,452 [INFO] from play.api.Play in play-dev-mode-akka.actor.default-dispatcher-37 - Application started (Dev)
2017-12-14 10:34:20,768 [ERROR] from application in play-dev-mode-akka.actor.default-dispatcher-50 - 

! @76aepo6ed - Internal server error, for (GET) [/addCustomerSubmit?csrfToken=b1ac9d1c31ca666a68bce9cb7865842f345a66c8-1513247443467-5c17b9e989a65126b744034c&name=a&number=22&age=022&address=22&id=] ->
 
play.sbt.PlayExceptions$CompilationException: Compilation error[cannot find symbol
  symbol:   variable addCustomer
  location: class controllers.HomeController]
	at play.sbt.PlayExceptions$CompilationException$.apply(PlayExceptions.scala:34)
	at play.sbt.PlayExceptions$CompilationException$.apply(PlayExceptions.scala:34)
	at scala.Option.map(Option.scala:146)
	at play.sbt.run.PlayReload$.$anonfun$taskFailureHandler$1(PlayReload.scala:33)
	at scala.Option.map(Option.scala:146)
	at play.sbt.run.PlayReload$.taskFailureHandler(PlayReload.scala:28)
	at play.sbt.run.PlayReload$.compileFailure(PlayReload.scala:24)
	at play.sbt.run.PlayReload$.$anonfun$compile$3(PlayReload.scala:51)
	at scala.util.Either$LeftProjection.map(Either.scala:573)
	at play.sbt.run.PlayReload$.compile(PlayReload.scala:51)
	at play.sbt.run.PlayRun$.$anonfun$playRunTask$4(PlayRun.scala:75)
	at play.runsupport.Reloader.$anonfun$reload$1(Reloader.scala:413)
	at play.runsupport.Reloader$$anon$5.run(Reloader.scala:51)
	at java.security.AccessController.doPrivileged(Native Method)
	at play.runsupport.Reloader$.play$runsupport$Reloader$$withReloaderContextClassLoader(Reloader.scala:56)
	at play.runsupport.Reloader.reload(Reloader.scala:413)
	at play.core.server.DevServerStart$$anon$1.get(DevServerStart.scala:123)
	at play.core.server.Server.getHandlerFor(Server.scala:63)
	at play.core.server.Server.getHandlerFor$(Server.scala:48)
	at play.core.server.AkkaHttpServer.getHandlerFor(AkkaHttpServer.scala:41)
	at play.core.server.AkkaHttpServer.getHandler(AkkaHttpServer.scala:214)
	at play.core.server.AkkaHttpServer.handleRequest(AkkaHttpServer.scala:194)
	at play.core.server.AkkaHttpServer.$anonfun$createServerBinding$3(AkkaHttpServer.scala:106)
	at akka.stream.impl.fusing.MapAsync$$anon$23.onPush(Ops.scala:1172)
	at akka.stream.impl.fusing.GraphInterpreter.processPush(GraphInterpreter.scala:499)
	at akka.stream.impl.fusing.GraphInterpreter.processEvent(GraphInterpreter.scala:462)
	at akka.stream.impl.fusing.GraphInterpreter.execute(GraphInterpreter.scala:368)
	at akka.stream.impl.fusing.GraphInterpreterShell.runBatch(ActorGraphInterpreter.scala:571)
	at akka.stream.impl.fusing.GraphInterpreterShell$AsyncInput.execute(ActorGraphInterpreter.scala:457)
	at akka.stream.impl.fusing.GraphInterpreterShell.processEvent(ActorGraphInterpreter.scala:546)
	at akka.stream.impl.fusing.ActorGraphInterpreter.akka$stream$impl$fusing$ActorGraphInterpreter$$processEvent(ActorGraphInterpreter.scala:728)
	at akka.stream.impl.fusing.ActorGraphInterpreter$$anonfun$receive$1.applyOrElse(ActorGraphInterpreter.scala:743)
	at akka.actor.Actor.aroundReceive(Actor.scala:517)
	at akka.actor.Actor.aroundReceive$(Actor.scala:515)
	at akka.stream.impl.fusing.ActorGraphInterpreter.aroundReceive(ActorGraphInterpreter.scala:653)
	at akka.actor.ActorCell.receiveMessage(ActorCell.scala:527)
	at akka.actor.ActorCell.invoke(ActorCell.scala:496)
	at akka.dispatch.Mailbox.processMailbox(Mailbox.scala:257)
	at akka.dispatch.Mailbox.run(Mailbox.scala:224)
	at akka.dispatch.Mailbox.exec(Mailbox.scala:234)
	at akka.dispatch.forkjoin.ForkJoinTask.doExec(ForkJoinTask.java:260)
	at akka.dispatch.forkjoin.ForkJoinPool$WorkQueue.runTask(ForkJoinPool.java:1339)
	at akka.dispatch.forkjoin.ForkJoinPool.runWorker(ForkJoinPool.java:1979)
	at akka.dispatch.forkjoin.ForkJoinWorkerThread.run(ForkJoinWorkerThread.java:107)
2017-12-14 10:34:47,570 [ERROR] from application in play-dev-mode-akka.actor.default-dispatcher-49 - 

! @76aeppk59 - Internal server error, for (GET) [/addCustomerSubmit?csrfToken=b1ac9d1c31ca666a68bce9cb7865842f345a66c8-1513247443467-5c17b9e989a65126b744034c&name=a&number=22&age=022&address=22&id=] ->
 
play.sbt.PlayExceptions$CompilationException: Compilation error[method render in class views.html.addCustomer cannot be applied to given types;
  required: play.data.Form<models.Customer>
  found: no arguments
  reason: actual and formal argument lists differ in length]
	at play.sbt.PlayExceptions$CompilationException$.apply(PlayExceptions.scala:34)
	at play.sbt.PlayExceptions$CompilationException$.apply(PlayExceptions.scala:34)
	at scala.Option.map(Option.scala:146)
	at play.sbt.run.PlayReload$.$anonfun$taskFailureHandler$1(PlayReload.scala:33)
	at scala.Option.map(Option.scala:146)
	at play.sbt.run.PlayReload$.taskFailureHandler(PlayReload.scala:28)
	at play.sbt.run.PlayReload$.compileFailure(PlayReload.scala:24)
	at play.sbt.run.PlayReload$.$anonfun$compile$3(PlayReload.scala:51)
	at scala.util.Either$LeftProjection.map(Either.scala:573)
	at play.sbt.run.PlayReload$.compile(PlayReload.scala:51)
	at play.sbt.run.PlayRun$.$anonfun$playRunTask$4(PlayRun.scala:75)
	at play.runsupport.Reloader.$anonfun$reload$1(Reloader.scala:413)
	at play.runsupport.Reloader$$anon$5.run(Reloader.scala:51)
	at java.security.AccessController.doPrivileged(Native Method)
	at play.runsupport.Reloader$.play$runsupport$Reloader$$withReloaderContextClassLoader(Reloader.scala:56)
	at play.runsupport.Reloader.reload(Reloader.scala:413)
	at play.core.server.DevServerStart$$anon$1.get(DevServerStart.scala:123)
	at play.core.server.Server.getHandlerFor(Server.scala:63)
	at play.core.server.Server.getHandlerFor$(Server.scala:48)
	at play.core.server.AkkaHttpServer.getHandlerFor(AkkaHttpServer.scala:41)
	at play.core.server.AkkaHttpServer.getHandler(AkkaHttpServer.scala:214)
	at play.core.server.AkkaHttpServer.handleRequest(AkkaHttpServer.scala:194)
	at play.core.server.AkkaHttpServer.$anonfun$createServerBinding$3(AkkaHttpServer.scala:106)
	at akka.stream.impl.fusing.MapAsync$$anon$23.onPush(Ops.scala:1172)
	at akka.stream.impl.fusing.GraphInterpreter.processPush(GraphInterpreter.scala:499)
	at akka.stream.impl.fusing.GraphInterpreter.processEvent(GraphInterpreter.scala:462)
	at akka.stream.impl.fusing.GraphInterpreter.execute(GraphInterpreter.scala:368)
	at akka.stream.impl.fusing.GraphInterpreterShell.runBatch(ActorGraphInterpreter.scala:571)
	at akka.stream.impl.fusing.GraphInterpreterShell$AsyncInput.execute(ActorGraphInterpreter.scala:457)
	at akka.stream.impl.fusing.GraphInterpreterShell.processEvent(ActorGraphInterpreter.scala:546)
	at akka.stream.impl.fusing.ActorGraphInterpreter.akka$stream$impl$fusing$ActorGraphInterpreter$$processEvent(ActorGraphInterpreter.scala:728)
	at akka.stream.impl.fusing.ActorGraphInterpreter$$anonfun$receive$1.applyOrElse(ActorGraphInterpreter.scala:743)
	at akka.actor.Actor.aroundReceive(Actor.scala:517)
	at akka.actor.Actor.aroundReceive$(Actor.scala:515)
	at akka.stream.impl.fusing.ActorGraphInterpreter.aroundReceive(ActorGraphInterpreter.scala:653)
	at akka.actor.ActorCell.receiveMessage(ActorCell.scala:527)
	at akka.actor.ActorCell.invoke(ActorCell.scala:496)
	at akka.dispatch.Mailbox.processMailbox(Mailbox.scala:257)
	at akka.dispatch.Mailbox.run(Mailbox.scala:224)
	at akka.dispatch.Mailbox.exec(Mailbox.scala:234)
	at akka.dispatch.forkjoin.ForkJoinTask.doExec(ForkJoinTask.java:260)
	at akka.dispatch.forkjoin.ForkJoinPool$WorkQueue.runTask(ForkJoinPool.java:1339)
	at akka.dispatch.forkjoin.ForkJoinPool.runWorker(ForkJoinPool.java:1979)
	at akka.dispatch.forkjoin.ForkJoinWorkerThread.run(ForkJoinWorkerThread.java:107)
2017-12-14 10:35:22,312 [INFO] from application in play-dev-mode-akka.actor.default-dispatcher-57 - Shutting down connection pool.
2017-12-14 10:35:22,435 [INFO] from application in play-dev-mode-akka.actor.default-dispatcher-57 - Creating Pool for datasource 'default'
2017-12-14 10:35:22,462 [INFO] from play.api.db.DefaultDBApi in play-dev-mode-akka.actor.default-dispatcher-57 - Database [default] connected at jdbc:h2:file:./data/productsDB
2017-12-14 10:35:22,560 [WARN] from org.hibernate.validator.messageinterpolation.ParameterMessageInterpolator in play-dev-mode-akka.actor.default-dispatcher-57 - HV000184: ParameterMessageInterpolator has been chosen, EL interpolation will not be supported
2017-12-14 10:35:22,603 [INFO] from play.api.http.EnabledFilters in play-dev-mode-akka.actor.default-dispatcher-57 - Enabled Filters (see <https://www.playframework.com/documentation/latest/Filters>):

    play.filters.csrf.CSRFFilter
    play.filters.headers.SecurityHeadersFilter
    play.filters.hosts.AllowedHostsFilter

2017-12-14 10:35:22,604 [INFO] from play.api.Play in play-dev-mode-akka.actor.default-dispatcher-57 - Application started (Dev)
2017-12-14 10:39:12,526 [INFO] from application in play-dev-mode-akka.actor.default-dispatcher-53 - Shutting down connection pool.
2017-12-14 10:39:12,711 [INFO] from application in play-dev-mode-akka.actor.default-dispatcher-53 - Creating Pool for datasource 'default'
2017-12-14 10:39:12,729 [INFO] from play.api.db.DefaultDBApi in play-dev-mode-akka.actor.default-dispatcher-53 - Database [default] connected at jdbc:h2:file:./data/productsDB
2017-12-14 10:39:12,828 [WARN] from org.hibernate.validator.messageinterpolation.ParameterMessageInterpolator in play-dev-mode-akka.actor.default-dispatcher-53 - HV000184: ParameterMessageInterpolator has been chosen, EL interpolation will not be supported
2017-12-14 10:39:12,877 [INFO] from play.api.http.EnabledFilters in play-dev-mode-akka.actor.default-dispatcher-53 - Enabled Filters (see <https://www.playframework.com/documentation/latest/Filters>):

    play.filters.csrf.CSRFFilter
    play.filters.headers.SecurityHeadersFilter
    play.filters.hosts.AllowedHostsFilter

2017-12-14 10:39:12,877 [INFO] from play.api.Play in play-dev-mode-akka.actor.default-dispatcher-53 - Application started (Dev)
2017-12-14 10:44:03,293 [INFO] from application in play-dev-mode-akka.actor.default-dispatcher-81 - Shutting down connection pool.
2017-12-14 10:44:03,460 [INFO] from application in play-dev-mode-akka.actor.default-dispatcher-81 - Creating Pool for datasource 'default'
2017-12-14 10:44:03,478 [INFO] from play.api.db.DefaultDBApi in play-dev-mode-akka.actor.default-dispatcher-81 - Database [default] connected at jdbc:h2:file:./data/productsDB
2017-12-14 10:44:03,562 [WARN] from org.hibernate.validator.messageinterpolation.ParameterMessageInterpolator in play-dev-mode-akka.actor.default-dispatcher-81 - HV000184: ParameterMessageInterpolator has been chosen, EL interpolation will not be supported
2017-12-14 10:44:03,613 [INFO] from play.api.http.EnabledFilters in play-dev-mode-akka.actor.default-dispatcher-81 - Enabled Filters (see <https://www.playframework.com/documentation/latest/Filters>):

    play.filters.csrf.CSRFFilter
    play.filters.headers.SecurityHeadersFilter
    play.filters.hosts.AllowedHostsFilter

2017-12-14 10:44:03,628 [INFO] from play.api.Play in play-dev-mode-akka.actor.default-dispatcher-81 - Application started (Dev)
2017-12-14 10:56:55,832 [INFO] from application in play-dev-mode-akka.actor.default-dispatcher-133 - Shutting down connection pool.
2017-12-14 10:56:55,968 [INFO] from application in play-dev-mode-akka.actor.default-dispatcher-133 - Creating Pool for datasource 'default'
2017-12-14 10:56:55,998 [INFO] from play.api.db.DefaultDBApi in play-dev-mode-akka.actor.default-dispatcher-133 - Database [default] connected at jdbc:h2:file:./data/productsDB
2017-12-14 10:56:56,053 [WARN] from org.hibernate.validator.messageinterpolation.ParameterMessageInterpolator in play-dev-mode-akka.actor.default-dispatcher-133 - HV000184: ParameterMessageInterpolator has been chosen, EL interpolation will not be supported
2017-12-14 10:56:56,136 [INFO] from play.api.http.EnabledFilters in play-dev-mode-akka.actor.default-dispatcher-133 - Enabled Filters (see <https://www.playframework.com/documentation/latest/Filters>):

    play.filters.csrf.CSRFFilter
    play.filters.headers.SecurityHeadersFilter
    play.filters.hosts.AllowedHostsFilter

2017-12-14 10:56:56,136 [INFO] from play.api.Play in play-dev-mode-akka.actor.default-dispatcher-133 - Application started (Dev)
2017-12-14 10:56:56,149 [ERROR] from application in play-dev-mode-akka.actor.default-dispatcher-133 - 

! @76af2n9ee - Internal server error, for (GET) [/customer] ->
 
play.api.http.HttpErrorHandlerExceptions$$anon$1: Execution exception[[NullPointerException: null]]
	at play.api.http.HttpErrorHandlerExceptions$.throwableToUsefulException(HttpErrorHandler.scala:255)
	at play.api.http.DefaultHttpErrorHandler.onServerError(HttpErrorHandler.scala:182)
	at play.api.http.DefaultHttpErrorHandler$.onServerError(HttpErrorHandler.scala:286)
	at play.core.server.Server.logExceptionAndGetResult$1(Server.scala:52)
	at play.core.server.Server.getHandlerFor(Server.scala:82)
	at play.core.server.Server.getHandlerFor$(Server.scala:48)
	at play.core.server.AkkaHttpServer.getHandlerFor(AkkaHttpServer.scala:41)
	at play.core.server.AkkaHttpServer.getHandler(AkkaHttpServer.scala:214)
	at play.core.server.AkkaHttpServer.handleRequest(AkkaHttpServer.scala:194)
	at play.core.server.AkkaHttpServer.$anonfun$createServerBinding$3(AkkaHttpServer.scala:106)
	at akka.stream.impl.fusing.MapAsync$$anon$23.onPush(Ops.scala:1172)
	at akka.stream.impl.fusing.GraphInterpreter.processPush(GraphInterpreter.scala:499)
	at akka.stream.impl.fusing.GraphInterpreter.processEvent(GraphInterpreter.scala:462)
	at akka.stream.impl.fusing.GraphInterpreter.execute(GraphInterpreter.scala:368)
	at akka.stream.impl.fusing.GraphInterpreterShell.runBatch(ActorGraphInterpreter.scala:571)
	at akka.stream.impl.fusing.GraphInterpreterShell$AsyncInput.execute(ActorGraphInterpreter.scala:457)
	at akka.stream.impl.fusing.GraphInterpreterShell.processEvent(ActorGraphInterpreter.scala:546)
	at akka.stream.impl.fusing.ActorGraphInterpreter.akka$stream$impl$fusing$ActorGraphInterpreter$$processEvent(ActorGraphInterpreter.scala:728)
	at akka.stream.impl.fusing.ActorGraphInterpreter$$anonfun$receive$1.applyOrElse(ActorGraphInterpreter.scala:743)
	at akka.actor.Actor.aroundReceive(Actor.scala:517)
	at akka.actor.Actor.aroundReceive$(Actor.scala:515)
	at akka.stream.impl.fusing.ActorGraphInterpreter.aroundReceive(ActorGraphInterpreter.scala:653)
	at akka.actor.ActorCell.receiveMessage(ActorCell.scala:527)
	at akka.actor.ActorCell.invoke(ActorCell.scala:496)
	at akka.dispatch.Mailbox.processMailbox(Mailbox.scala:257)
	at akka.dispatch.Mailbox.run(Mailbox.scala:224)
	at akka.dispatch.Mailbox.exec(Mailbox.scala:234)
	at akka.dispatch.forkjoin.ForkJoinTask.doExec(ForkJoinTask.java:260)
	at akka.dispatch.forkjoin.ForkJoinPool$WorkQueue.runTask(ForkJoinPool.java:1339)
	at akka.dispatch.forkjoin.ForkJoinPool.runWorker(ForkJoinPool.java:1979)
	at akka.dispatch.forkjoin.ForkJoinWorkerThread.run(ForkJoinWorkerThread.java:107)
Caused by: java.lang.NullPointerException: null
	at play.core.j.JavaActionAnnotations.<init>(JavaAction.scala:31)
	at play.core.routing.HandlerInvokerFactory$JavaActionInvokerFactory$$anon$8.play$core$routing$HandlerInvokerFactory$JavaActionInvokerFactory$$anon$$cachedAnnotations(HandlerInvoker.scala:95)
	at play.core.routing.HandlerInvokerFactory$JavaActionInvokerFactory$$anon$8$$anon$2$$anon$1.<init>(HandlerInvoker.scala:103)
	at play.core.routing.HandlerInvokerFactory$JavaActionInvokerFactory$$anon$8$$anon$2.withComponents(HandlerInvoker.scala:102)
	at play.api.http.JavaCompatibleHttpRequestHandler$MapJavaHandler.apply(HttpRequestHandler.scala:234)
	at play.api.mvc.Handler$.applyStages(Handler.scala:36)
	at play.api.http.DefaultHttpRequestHandler.handlerForRequest(HttpRequestHandler.scala:157)
	at play.core.server.Server.getHandlerFor(Server.scala:69)
	... 26 common frames omitted
2017-12-14 10:57:04,593 [ERROR] from application in play-dev-mode-akka.actor.default-dispatcher-135 - 

! @76af2nm17 - Internal server error, for (GET) [/customer] ->
 
play.api.http.HttpErrorHandlerExceptions$$anon$1: Execution exception[[NullPointerException: null]]
	at play.api.http.HttpErrorHandlerExceptions$.throwableToUsefulException(HttpErrorHandler.scala:255)
	at play.api.http.DefaultHttpErrorHandler.onServerError(HttpErrorHandler.scala:182)
	at play.api.http.DefaultHttpErrorHandler$.onServerError(HttpErrorHandler.scala:286)
	at play.core.server.Server.logExceptionAndGetResult$1(Server.scala:52)
	at play.core.server.Server.getHandlerFor(Server.scala:82)
	at play.core.server.Server.getHandlerFor$(Server.scala:48)
	at play.core.server.AkkaHttpServer.getHandlerFor(AkkaHttpServer.scala:41)
	at play.core.server.AkkaHttpServer.getHandler(AkkaHttpServer.scala:214)
	at play.core.server.AkkaHttpServer.handleRequest(AkkaHttpServer.scala:194)
	at play.core.server.AkkaHttpServer.$anonfun$createServerBinding$3(AkkaHttpServer.scala:106)
	at akka.stream.impl.fusing.MapAsync$$anon$23.onPush(Ops.scala:1172)
	at akka.stream.impl.fusing.GraphInterpreter.processPush(GraphInterpreter.scala:499)
	at akka.stream.impl.fusing.GraphInterpreter.processEvent(GraphInterpreter.scala:462)
	at akka.stream.impl.fusing.GraphInterpreter.execute(GraphInterpreter.scala:368)
	at akka.stream.impl.fusing.GraphInterpreterShell.runBatch(ActorGraphInterpreter.scala:571)
	at akka.stream.impl.fusing.GraphInterpreterShell$AsyncInput.execute(ActorGraphInterpreter.scala:457)
	at akka.stream.impl.fusing.GraphInterpreterShell.processEvent(ActorGraphInterpreter.scala:546)
	at akka.stream.impl.fusing.ActorGraphInterpreter.akka$stream$impl$fusing$ActorGraphInterpreter$$processEvent(ActorGraphInterpreter.scala:728)
	at akka.stream.impl.fusing.ActorGraphInterpreter$$anonfun$receive$1.applyOrElse(ActorGraphInterpreter.scala:743)
	at akka.actor.Actor.aroundReceive(Actor.scala:517)
	at akka.actor.Actor.aroundReceive$(Actor.scala:515)
	at akka.stream.impl.fusing.ActorGraphInterpreter.aroundReceive(ActorGraphInterpreter.scala:653)
	at akka.actor.ActorCell.receiveMessage(ActorCell.scala:527)
	at akka.actor.ActorCell.invoke(ActorCell.scala:496)
	at akka.dispatch.Mailbox.processMailbox(Mailbox.scala:257)
	at akka.dispatch.Mailbox.run(Mailbox.scala:224)
	at akka.dispatch.Mailbox.exec(Mailbox.scala:234)
	at akka.dispatch.forkjoin.ForkJoinTask.doExec(ForkJoinTask.java:260)
	at akka.dispatch.forkjoin.ForkJoinPool$WorkQueue.runTask(ForkJoinPool.java:1339)
	at akka.dispatch.forkjoin.ForkJoinPool.runWorker(ForkJoinPool.java:1979)
	at akka.dispatch.forkjoin.ForkJoinWorkerThread.run(ForkJoinWorkerThread.java:107)
Caused by: java.lang.NullPointerException: null
	at play.core.j.JavaActionAnnotations.<init>(JavaAction.scala:31)
	at play.core.routing.HandlerInvokerFactory$JavaActionInvokerFactory$$anon$8.play$core$routing$HandlerInvokerFactory$JavaActionInvokerFactory$$anon$$cachedAnnotations(HandlerInvoker.scala:95)
	at play.core.routing.HandlerInvokerFactory$JavaActionInvokerFactory$$anon$8$$anon$2$$anon$1.<init>(HandlerInvoker.scala:103)
	at play.core.routing.HandlerInvokerFactory$JavaActionInvokerFactory$$anon$8$$anon$2.withComponents(HandlerInvoker.scala:102)
	at play.api.http.JavaCompatibleHttpRequestHandler$MapJavaHandler.apply(HttpRequestHandler.scala:234)
	at play.api.mvc.Handler$.applyStages(Handler.scala:36)
	at play.api.http.DefaultHttpRequestHandler.handlerForRequest(HttpRequestHandler.scala:157)
	at play.core.server.Server.getHandlerFor(Server.scala:69)
	... 26 common frames omitted
2017-12-14 11:01:46,351 [INFO] from application in play-dev-mode-akka.actor.default-dispatcher-139 - Shutting down connection pool.
2017-12-14 11:01:46,568 [INFO] from application in play-dev-mode-akka.actor.default-dispatcher-139 - Creating Pool for datasource 'default'
2017-12-14 11:01:46,595 [INFO] from play.api.db.DefaultDBApi in play-dev-mode-akka.actor.default-dispatcher-139 - Database [default] connected at jdbc:h2:file:./data/productsDB
2017-12-14 11:01:46,673 [WARN] from org.hibernate.validator.messageinterpolation.ParameterMessageInterpolator in play-dev-mode-akka.actor.default-dispatcher-139 - HV000184: ParameterMessageInterpolator has been chosen, EL interpolation will not be supported
2017-12-14 11:01:46,739 [INFO] from play.api.http.EnabledFilters in play-dev-mode-akka.actor.default-dispatcher-139 - Enabled Filters (see <https://www.playframework.com/documentation/latest/Filters>):

    play.filters.csrf.CSRFFilter
    play.filters.headers.SecurityHeadersFilter
    play.filters.hosts.AllowedHostsFilter

2017-12-14 11:01:46,739 [INFO] from play.api.Play in play-dev-mode-akka.actor.default-dispatcher-139 - Application started (Dev)
2017-12-14 11:03:47,894 [INFO] from application in play-dev-mode-akka.actor.default-dispatcher-141 - Shutting down connection pool.
2017-12-14 11:03:48,016 [INFO] from application in play-dev-mode-akka.actor.default-dispatcher-141 - Creating Pool for datasource 'default'
2017-12-14 11:03:48,038 [INFO] from play.api.db.DefaultDBApi in play-dev-mode-akka.actor.default-dispatcher-141 - Database [default] connected at jdbc:h2:file:./data/productsDB
2017-12-14 11:03:48,111 [WARN] from org.hibernate.validator.messageinterpolation.ParameterMessageInterpolator in play-dev-mode-akka.actor.default-dispatcher-141 - HV000184: ParameterMessageInterpolator has been chosen, EL interpolation will not be supported
2017-12-14 11:03:48,165 [INFO] from play.api.http.EnabledFilters in play-dev-mode-akka.actor.default-dispatcher-141 - Enabled Filters (see <https://www.playframework.com/documentation/latest/Filters>):

    play.filters.csrf.CSRFFilter
    play.filters.headers.SecurityHeadersFilter
    play.filters.hosts.AllowedHostsFilter

2017-12-14 11:03:48,165 [INFO] from play.api.Play in play-dev-mode-akka.actor.default-dispatcher-141 - Application started (Dev)
2017-12-14 11:08:09,202 [INFO] from application in play-dev-mode-akka.actor.default-dispatcher-156 - Shutting down connection pool.
2017-12-14 11:08:09,301 [INFO] from application in play-dev-mode-akka.actor.default-dispatcher-156 - Creating Pool for datasource 'default'
2017-12-14 11:08:09,320 [INFO] from play.api.db.DefaultDBApi in play-dev-mode-akka.actor.default-dispatcher-156 - Database [default] connected at jdbc:h2:file:./data/productsDB
2017-12-14 11:08:09,423 [WARN] from org.hibernate.validator.messageinterpolation.ParameterMessageInterpolator in play-dev-mode-akka.actor.default-dispatcher-156 - HV000184: ParameterMessageInterpolator has been chosen, EL interpolation will not be supported
2017-12-14 11:08:09,476 [INFO] from play.api.http.EnabledFilters in play-dev-mode-akka.actor.default-dispatcher-156 - Enabled Filters (see <https://www.playframework.com/documentation/latest/Filters>):

    play.filters.csrf.CSRFFilter
    play.filters.headers.SecurityHeadersFilter
    play.filters.hosts.AllowedHostsFilter

2017-12-14 11:08:09,481 [INFO] from play.api.Play in play-dev-mode-akka.actor.default-dispatcher-156 - Application started (Dev)
2017-12-14 11:08:58,714 [INFO] from play.core.server.AkkaHttpServer in pool-5-thread-2 - Stopping server...
2017-12-14 11:08:58,741 [INFO] from application in pool-5-thread-2 - Shutting down connection pool.
